2025-07-18 15:25:56 [restartedMain] INFO  c.d.session09.Session09Application - Starting Session09Application using Java 17.0.15 with PID 20772 (C:\Rekkei-Academy\BE-CTDL-GT\Web_Services\Session09\build\classes\java\main started by USER-PC in C:\Rekkei-Academy\BE-CTDL-GT\Web_Services\Session09)
2025-07-18 15:25:56 [restartedMain] INFO  c.d.session09.Session09Application - No active profile set, falling back to 1 default profile: "default"
2025-07-18 15:25:59 [restartedMain] INFO  com.zaxxer.hikari.HikariDataSource - HikariPool-1 - Starting...
2025-07-18 15:25:59 [restartedMain] INFO  com.zaxxer.hikari.pool.HikariPool - HikariPool-1 - Added connection com.mysql.cj.jdbc.ConnectionImpl@2cd7ccae
2025-07-18 15:25:59 [restartedMain] INFO  com.zaxxer.hikari.HikariDataSource - HikariPool-1 - Start completed.
2025-07-18 15:26:00 [restartedMain] INFO  c.d.session09.Session09Application - Started Session09Application in 4.533 seconds (process running for 5.303)
2025-07-18 15:26:15 [SpringApplicationShutdownHook] INFO  com.zaxxer.hikari.HikariDataSource - HikariPool-1 - Shutdown initiated...
2025-07-18 15:26:15 [SpringApplicationShutdownHook] INFO  com.zaxxer.hikari.HikariDataSource - HikariPool-1 - Shutdown completed.
2025-07-18 15:26:19 [restartedMain] INFO  c.d.session09.Session09Application - Starting Session09Application using Java 17.0.15 with PID 3872 (C:\Rekkei-Academy\BE-CTDL-GT\Web_Services\Session09\build\classes\java\main started by USER-PC in C:\Rekkei-Academy\BE-CTDL-GT\Web_Services\Session09)
2025-07-18 15:26:19 [restartedMain] INFO  c.d.session09.Session09Application - No active profile set, falling back to 1 default profile: "default"
2025-07-18 15:26:21 [restartedMain] INFO  com.zaxxer.hikari.HikariDataSource - HikariPool-1 - Starting...
2025-07-18 15:26:21 [restartedMain] INFO  com.zaxxer.hikari.pool.HikariPool - HikariPool-1 - Added connection com.mysql.cj.jdbc.ConnectionImpl@7ac35e39
2025-07-18 15:26:21 [restartedMain] INFO  com.zaxxer.hikari.HikariDataSource - HikariPool-1 - Start completed.
2025-07-18 15:26:22 [restartedMain] INFO  c.d.session09.Session09Application - Started Session09Application in 3.303 seconds (process running for 3.943)
2025-07-18 15:30:30 [Thread-5] INFO  com.zaxxer.hikari.HikariDataSource - HikariPool-1 - Shutdown initiated...
2025-07-18 15:30:30 [Thread-5] INFO  com.zaxxer.hikari.HikariDataSource - HikariPool-1 - Shutdown completed.
2025-07-18 15:30:30 [restartedMain] INFO  c.d.session09.Session09Application - Starting Session09Application using Java 17.0.15 with PID 3872 (C:\Rekkei-Academy\BE-CTDL-GT\Web_Services\Session09\build\classes\java\main started by USER-PC in C:\Rekkei-Academy\BE-CTDL-GT\Web_Services\Session09)
2025-07-18 15:30:30 [restartedMain] INFO  c.d.session09.Session09Application - No active profile set, falling back to 1 default profile: "default"
2025-07-18 15:30:30 [restartedMain] INFO  com.zaxxer.hikari.HikariDataSource - HikariPool-2 - Starting...
2025-07-18 15:30:30 [restartedMain] INFO  com.zaxxer.hikari.pool.HikariPool - HikariPool-2 - Added connection com.mysql.cj.jdbc.ConnectionImpl@46ddf874
2025-07-18 15:30:30 [restartedMain] INFO  com.zaxxer.hikari.HikariDataSource - HikariPool-2 - Start completed.
2025-07-18 15:30:31 [restartedMain] INFO  c.d.session09.Session09Application - Started Session09Application in 0.489 seconds (process running for 253.058)
2025-07-18 15:32:42 [Thread-7] INFO  com.zaxxer.hikari.HikariDataSource - HikariPool-2 - Shutdown initiated...
2025-07-18 15:32:42 [Thread-7] INFO  com.zaxxer.hikari.HikariDataSource - HikariPool-2 - Shutdown completed.
2025-07-18 15:32:42 [restartedMain] INFO  c.d.session09.Session09Application - Starting Session09Application using Java 17.0.15 with PID 3872 (C:\Rekkei-Academy\BE-CTDL-GT\Web_Services\Session09\build\classes\java\main started by USER-PC in C:\Rekkei-Academy\BE-CTDL-GT\Web_Services\Session09)
2025-07-18 15:32:42 [restartedMain] INFO  c.d.session09.Session09Application - No active profile set, falling back to 1 default profile: "default"
2025-07-18 15:32:43 [restartedMain] INFO  com.zaxxer.hikari.HikariDataSource - HikariPool-3 - Starting...
2025-07-18 15:32:43 [restartedMain] INFO  com.zaxxer.hikari.pool.HikariPool - HikariPool-3 - Added connection com.mysql.cj.jdbc.ConnectionImpl@379d4296
2025-07-18 15:32:43 [restartedMain] INFO  com.zaxxer.hikari.HikariDataSource - HikariPool-3 - Start completed.
2025-07-18 15:32:43 [restartedMain] INFO  c.d.session09.Session09Application - Started Session09Application in 1.014 seconds (process running for 385.622)
2025-07-18 15:32:45 [Thread-11] INFO  com.zaxxer.hikari.HikariDataSource - HikariPool-3 - Shutdown initiated...
2025-07-18 15:32:45 [Thread-11] INFO  com.zaxxer.hikari.HikariDataSource - HikariPool-3 - Shutdown completed.
2025-07-18 15:32:45 [restartedMain] INFO  c.d.session09.Session09Application - Starting Session09Application using Java 17.0.15 with PID 3872 (C:\Rekkei-Academy\BE-CTDL-GT\Web_Services\Session09\build\classes\java\main started by USER-PC in C:\Rekkei-Academy\BE-CTDL-GT\Web_Services\Session09)
2025-07-18 15:32:45 [restartedMain] INFO  c.d.session09.Session09Application - No active profile set, falling back to 1 default profile: "default"
2025-07-18 15:32:46 [restartedMain] INFO  com.zaxxer.hikari.HikariDataSource - HikariPool-4 - Starting...
2025-07-18 15:32:46 [restartedMain] INFO  com.zaxxer.hikari.pool.HikariPool - HikariPool-4 - Added connection com.mysql.cj.jdbc.ConnectionImpl@52ebb53c
2025-07-18 15:32:46 [restartedMain] INFO  com.zaxxer.hikari.HikariDataSource - HikariPool-4 - Start completed.
2025-07-18 15:32:46 [restartedMain] INFO  c.d.session09.Session09Application - Started Session09Application in 1.04 seconds (process running for 388.332)
2025-07-18 15:33:50 [Thread-15] INFO  com.zaxxer.hikari.HikariDataSource - HikariPool-4 - Shutdown initiated...
2025-07-18 15:33:50 [Thread-15] INFO  com.zaxxer.hikari.HikariDataSource - HikariPool-4 - Shutdown completed.
2025-07-18 15:33:50 [restartedMain] INFO  c.d.session09.Session09Application - Starting Session09Application using Java 17.0.15 with PID 3872 (C:\Rekkei-Academy\BE-CTDL-GT\Web_Services\Session09\build\classes\java\main started by USER-PC in C:\Rekkei-Academy\BE-CTDL-GT\Web_Services\Session09)
2025-07-18 15:33:50 [restartedMain] INFO  c.d.session09.Session09Application - No active profile set, falling back to 1 default profile: "default"
2025-07-18 15:33:52 [restartedMain] INFO  com.zaxxer.hikari.HikariDataSource - HikariPool-5 - Starting...
2025-07-18 15:33:52 [restartedMain] INFO  com.zaxxer.hikari.pool.HikariPool - HikariPool-5 - Added connection com.mysql.cj.jdbc.ConnectionImpl@775f65c9
2025-07-18 15:33:52 [restartedMain] INFO  com.zaxxer.hikari.HikariDataSource - HikariPool-5 - Start completed.
2025-07-18 15:33:53 [restartedMain] INFO  c.d.session09.Session09Application - Started Session09Application in 2.904 seconds (process running for 455.276)
2025-07-18 15:34:16 [Thread-19] INFO  com.zaxxer.hikari.HikariDataSource - HikariPool-5 - Shutdown initiated...
2025-07-18 15:34:16 [Thread-19] INFO  com.zaxxer.hikari.HikariDataSource - HikariPool-5 - Shutdown completed.
2025-07-18 15:34:16 [restartedMain] INFO  c.d.session09.Session09Application - Starting Session09Application using Java 17.0.15 with PID 3872 (C:\Rekkei-Academy\BE-CTDL-GT\Web_Services\Session09\build\classes\java\main started by USER-PC in C:\Rekkei-Academy\BE-CTDL-GT\Web_Services\Session09)
2025-07-18 15:34:16 [restartedMain] INFO  c.d.session09.Session09Application - No active profile set, falling back to 1 default profile: "default"
2025-07-18 15:34:17 [restartedMain] INFO  com.zaxxer.hikari.HikariDataSource - HikariPool-6 - Starting...
2025-07-18 15:34:17 [restartedMain] INFO  com.zaxxer.hikari.pool.HikariPool - HikariPool-6 - Added connection com.mysql.cj.jdbc.ConnectionImpl@1c6ecad7
2025-07-18 15:34:17 [restartedMain] INFO  com.zaxxer.hikari.HikariDataSource - HikariPool-6 - Start completed.
2025-07-18 15:34:18 [restartedMain] INFO  c.d.session09.Session09Application - Started Session09Application in 1.624 seconds (process running for 479.946)
2025-07-18 16:09:08 [SpringApplicationShutdownHook] INFO  com.zaxxer.hikari.HikariDataSource - HikariPool-6 - Shutdown initiated...
2025-07-18 16:09:08 [SpringApplicationShutdownHook] INFO  com.zaxxer.hikari.HikariDataSource - HikariPool-6 - Shutdown completed.
